<?xml version="1.0" encoding="UTF-8"?>
<!-- Generated by org.testng.reporters.JUnitXMLReporter -->
<testsuite hostname="DELL-PC" ignored="2" name="Default test" tests="1" failures="0" timestamp="23 Aug 2021 12:57:50 GMT" time="20.537" errors="0">
  <testcase name="verifymyaccount" time="11.006" classname="com.jbk.thirtybees.test.MyaccountTest"/>
  <testcase name="verifycreateaccount" time="0.0" classname="com.jbk.thirtybees.test.MyaccountTest">
    <ignored/>
  </testcase> <!-- verifycreateaccount -->
  <testcase name="verifysignin" time="0.0" classname="com.jbk.thirtybees.test.MyaccountTest">
    <ignored/>
  </testcase> <!-- verifysignin -->
</testsuite> <!-- Default test -->
